<?xml version="1.0" encoding="UTF-8"?>
<!-- Generated by org.testng.reporters.JUnitReportReporter -->
<testsuite hostname="INLEN8520069361" failures="0" tests="4" name="Demo.RA1" time="4.159" errors="0" timestamp="2023-11-01T13:10:48 IST" skipped="0">
  <testcase classname="Demo.RA1" name="updateUser" time="0.405"/>
  <system-out/>
  <testcase classname="Demo.RA1" name="getUser" time="2.066"/>
  <system-out/>
  <testcase classname="Demo.RA1" name="createUser" time="1.280"/>
  <system-out/>
  <testcase classname="Demo.RA1" name="deleteUser" time="0.408"/>
  <system-out/>
</testsuite> <!-- Demo.RA1 -->
