<?xml version="1.0" encoding="UTF-8"?>
<!-- Generated by org.testng.reporters.JUnitReportReporter -->
<testsuite hostname="INLEN8520069361" failures="0" tests="1" name="Demo.RAJson" time="5.265" errors="0" timestamp="2023-11-02T17:40:28 IST" skipped="0">
  <testcase classname="Demo.RAJson" name="createUserUsingJSON" time="5.265"/>
  <system-out/>
</testsuite> <!-- Demo.RAJson -->
